<?xml version="1.0" encoding="UTF-8"?>
<!-- Generated by org.testng.reporters.JUnitReportReporter -->
<testsuite hostname="GURUSHAN4" failures="0" tests="1" name="com.nova.test.test.HomePageTest" time="27.234" errors="0" timestamp="04 Jul 2021 15:33:04 GMT" skipped="0">
  <testcase classname="com.nova.test.test.HomePageTest" name="planOptionClick" time="27.234"/>
</testsuite> <!-- com.nova.test.test.HomePageTest -->
